[handleMsg]:  {
  key: {
    remoteJid: '5493815399029@s.whatsapp.net',
    fromMe: false,
    id: '3AB66856B17803BCADE5',
    participant: undefined
  },
  messageTimestamp: 1726594023,
  pushName: 'Mel Laboratorio',
  broadcast: false,
  message: Message {
    conversation: 'Hola',
    messageContextInfo: MessageContextInfo {
      deviceListMetadata: [DeviceListMetadata],
      deviceListMetadataVersion: 2
    }
  },
  body: 'Hola',
  from: '5493815399029'
}
[QUEUE_SE_ENVIO]:  {
  ref: 'ans_424c73e2-d005-454e-af9a-1d3d7fb49e12',
  keyword: 'key_6de7041d-8dae-48d7-ab66-ba906e8568df',
  answer: '游뗿 Hola, bienvenido al chatbot de GOTHIA. 쮺칩mo puedo ayudarte hoy?',
  options: {
    media: null,
    buttons: [],
    capture: false,
    child: null,
    delay: 0,
    idle: null,
    ref: null,
    nested: [],
    keyword: {},
    callback: false
  },
  refSerialize: '759806856e0c0483e6fa19de9b475e97'
}
[QUEUE_SE_ENVIO]:  {
  ref: 'ans_152ebd94-35f0-4dbe-afbc-99ac70f22b2e',
  keyword: 'ans_424c73e2-d005-454e-af9a-1d3d7fb49e12',
  answer: '游녤 *Estado* para consultar el estado de tu equipo.\n' +
    '游녤 *Garant칤a* para preguntas sobre garant칤a.\n' +
    '游녤 *Medios de pago* para formas de pago.\n' +
    '游녤 *Horarios* para conocer nuestros horarios.\n' +
    '游녤 *Demoras* para saber si la reparaci칩n puede hacerse en el d칤a.\n' +
    '游녤 *Precios* para consultas sobre el cambio de piezas.\n' +
    '游녤 *Accesorios* para informaci칩n sobre cargadores, cables, fundas y m치s.\n' +
    '游녤 *Templado* o *hidrogel* para protectores de pantalla para Android.\n' +
    '游녤 *Retiro* para coordinar retiro de equipos a domicilio.\n' +
    '游녤 *Env칤o* para consultar sobre env칤os de accesorios.\n' +
    '游녤 *Reparaciones* para conocer nuestros servicios de reparaci칩n.',
  options: {
    media: null,
    buttons: [],
    capture: false,
    child: null,
    delay: 0,
    idle: null,
    ref: null,
    nested: [],
    keyword: {},
    callback: false
  },
  refSerialize: '5f0bf99927427ec546ec059d02e8b259'
}
[handleMsg]:  {
  key: {
    remoteJid: '5493815399029@s.whatsapp.net',
    fromMe: false,
    id: '3A24A89211CF4858CD15',
    participant: undefined
  },
  messageTimestamp: 1726594031,
  pushName: 'Mel Laboratorio',
  broadcast: false,
  message: Message {
    conversation: 'Ubicaci칩n',
    messageContextInfo: MessageContextInfo {
      deviceListMetadata: [DeviceListMetadata],
      deviceListMetadataVersion: 2
    }
  },
  body: 'Ubicaci칩n',
  from: '5493815399029'
}
[QUEUE_SE_ENVIO]:  {
  ref: 'ans_63254bdf-8aec-4a5e-98e6-68f128d95db3',
  keyword: 'key_d1748a60-4813-450d-bcb8-4078b38519d8',
  answer: 'Nuestros horarios de atenci칩n son de Lunes a Viernes de 9 a 18hs y s치bados de 8 a 15hs.',
  options: {
    media: null,
    buttons: [],
    capture: false,
    child: null,
    delay: 0,
    idle: null,
    ref: null,
    nested: [],
    keyword: {},
    callback: false
  },
  refSerialize: '69d34a2f7e9a98f3d43ae5b2f778e296'
}
[QUEUE_SE_ENVIO]:  {
  ref: 'ans_5853bb1c-4d7e-45ff-9460-b15dbc6016ae',
  keyword: 'ans_63254bdf-8aec-4a5e-98e6-68f128d95db3',
  answer: 'Nuestro local est치 ubicado en: Av. Avellaneda 284 - 1춿 Piso. Puedes visitarnos en ese horario.',
  options: {
    media: null,
    buttons: [],
    capture: false,
    child: null,
    delay: 0,
    idle: null,
    ref: null,
    nested: [],
    keyword: {},
    callback: false
  },
  refSerialize: 'c119b08dc8cbf88dc172e01c5ceb35f0'
}
[QUEUE_SE_ENVIO]:  {
  ref: 'ans_4eef8c1e-d01e-4048-9752-2c2e46054047',
  keyword: 'ans_5853bb1c-4d7e-45ff-9460-b15dbc6016ae',
  answer: '쮿ay algo m치s en lo que pueda ayudarte? (Escribe "SI" para m치s opciones o "NO" para finalizar)',
  options: {
    media: null,
    buttons: [],
    capture: false,
    child: null,
    delay: 0,
    idle: null,
    ref: null,
    nested: [],
    keyword: {},
    callback: false
  },
  refSerialize: '1c27e70f7e2817e4139e0c4951a4b420'
}
[handleMsg]:  {
  key: {
    remoteJid: '5493815399029@s.whatsapp.net',
    fromMe: false,
    id: '3A323563153BB0EF0F9C',
    participant: undefined
  },
  messageTimestamp: 1726594037,
  pushName: 'Mel Laboratorio',
  broadcast: false,
  message: Message {
    conversation: 'No',
    messageContextInfo: MessageContextInfo {
      deviceListMetadata: [DeviceListMetadata],
      deviceListMetadataVersion: 2
    }
  },
  body: 'No',
  from: '5493815399029'
}
[QUEUE_SE_ENVIO]:  {
  ref: 'ans_a26d7e73-1bea-44c7-8bf8-7bd986dc17a6',
  keyword: 'key_96141500-b7a5-4e1c-b18d-d90c1c5d9be9',
  answer: '游녤 *Estado* para consultar el estado de tu equipo.\n' +
    '游녤 *Garant칤a* para preguntas sobre garant칤a.\n' +
    '游녤 *Medios de pago* para formas de pago.\n' +
    '游녤 *Horarios* para conocer nuestros horarios.\n' +
    '游녤 *Demoras* para saber si la reparaci칩n puede hacerse en el d칤a.\n' +
    '游녤 *Precios* para consultas sobre el cambio de piezas.\n' +
    '游녤 *Accesorios* para informaci칩n sobre cargadores, cables, fundas y m치s.\n' +
    '游녤 *Templado* o *hidrogel* para protectores de pantalla para Android.\n' +
    '游녤 *Retiro* para coordinar retiro de equipos a domicilio.\n' +
    '游녤 *Env칤o* para consultar sobre env칤os de accesorios.\n' +
    '游녤 *Reparaciones* para conocer nuestros servicios de reparaci칩n.',
  options: {
    media: null,
    buttons: [],
    capture: false,
    child: null,
    delay: 0,
    idle: null,
    ref: null,
    nested: [],
    keyword: {},
    callback: false
  },
  refSerialize: '78f91321a3227460d7647a46945c43b3'
}
[QUEUE_SE_ENVIO]:  {
  ref: 'ans_39c66399-bc0b-49f1-bf07-b9e080c94e8b',
  keyword: 'ans_a26d7e73-1bea-44c7-8bf8-7bd986dc17a6',
  answer: '쮿ay algo m치s en lo que pueda ayudarte? (Escribe "SI" para m치s opciones o "NO" para finalizar)',
  options: {
    media: null,
    buttons: [],
    capture: false,
    child: null,
    delay: 0,
    idle: null,
    ref: null,
    nested: [ [Object], [Object] ],
    keyword: {},
    callback: false
  },
  refSerialize: 'd1bca260404f743ae5f2cfb3200dac2a'
}
[handleMsg]:  {
  key: {
    remoteJid: '5493815399029@s.whatsapp.net',
    fromMe: false,
    id: '3ADFCBC2FDFBA1725068',
    participant: undefined
  },
  messageTimestamp: 1726594040,
  pushName: 'Mel Laboratorio',
  broadcast: false,
  message: Message {
    conversation: 'No',
    messageContextInfo: MessageContextInfo {
      deviceListMetadata: [DeviceListMetadata],
      deviceListMetadataVersion: 2
    }
  },
  body: 'No',
  from: '5493815399029'
}
[QUEUE_SE_ENVIO]:  {
  ref: 'ans_993e0115-e862-47df-b251-8f65884a8502',
  keyword: 'key_034ddbcb-da2c-42fe-a27c-2405bd5ba572',
  answer: 'Gracias por comunicarte con nosotros. 춰Que tengas un excelente d칤a! 游땕',
  options: {
    media: null,
    buttons: [],
    capture: false,
    child: null,
    delay: 0,
    idle: null,
    ref: null,
    nested: [],
    keyword: {},
    callback: false
  },
  refSerialize: '58cbb85e2c699128e89856f8b31fce46'
}
