5493815399029:ENCOLADO ans_7da99ffd-2962-482e-9370-d247944f498b
EJECUTANDO:ans_7da99ffd-2962-482e-9370-d247944f498b
5493815399029:SUCCESS
5493815399029:ENCOLADO ans_baf89b43-dabb-4ad4-9868-3f403c270f49
EJECUTANDO:ans_baf89b43-dabb-4ad4-9868-3f403c270f49
5493815399029:SUCCESS
5493815399029:ENCOLADO ans_954dcc4b-6bf0-4ec5-9c9e-81be8c620249
EJECUTANDO:ans_954dcc4b-6bf0-4ec5-9c9e-81be8c620249
5493815399029:SUCCESS
5493815399029:ENCOLADO ans_276163cb-927d-468e-b906-17c157ce4dc0
EJECUTANDO:ans_276163cb-927d-468e-b906-17c157ce4dc0
5493815399029:SUCCESS
5493815399029:ENCOLADO ans_2fc31fbd-817d-498d-944b-48e98895af80
EJECUTANDO:ans_2fc31fbd-817d-498d-944b-48e98895af80
5493815399029:SUCCESS
5493815399029:ENCOLADO ans_56f609b5-5fb5-4ff8-a8c1-b5583ca6b45c
EJECUTANDO:ans_56f609b5-5fb5-4ff8-a8c1-b5583ca6b45c
5493815399029:SUCCESS
5493815399029:ENCOLADO ans_7da99ffd-2962-482e-9370-d247944f498b
EJECUTANDO:ans_7da99ffd-2962-482e-9370-d247944f498b
5493815399029:SUCCESS
5493815399029:ENCOLADO ans_baf89b43-dabb-4ad4-9868-3f403c270f49
EJECUTANDO:ans_baf89b43-dabb-4ad4-9868-3f403c270f49
5493815399029:SUCCESS
5493815399029:ENCOLADO ans_e6f6bedd-454a-40ef-ac71-aa1123332617
EJECUTANDO:ans_e6f6bedd-454a-40ef-ac71-aa1123332617
5493815399029:SUCCESS
5493815399029:ENCOLADO ans_81440f34-ed42-4838-a680-52b66d7b2f9a
EJECUTANDO:ans_81440f34-ed42-4838-a680-52b66d7b2f9a
5493815399029:SUCCESS
